▲ Next.js 16.2.9 (Turbopack)

  Creating an optimized production build ...
✓ Compiled successfully in 27.6s
  Running TypeScript ...
  Finished TypeScript in 17.6s ...
  Collecting page data using 3 workers ...
  Generating static pages using 3 workers (0/12) ...
  Generating static pages using 3 workers (3/12) 
  Generating static pages using 3 workers (6/12) 
  Generating static pages using 3 workers (9/12) 
✓ Generating static pages using 3 workers (12/12) in 1994ms
  Finalizing page optimization ...

Route (app)
┌ ○ /
├ ○ /_not-found
├ ○ /about
├ ƒ /admin
├ ƒ /api/contact
├ ○ /blog
├ ○ /case-studies
├ ○ /contact
├ ○ /login
├ ○ /pricing
└ ○ /services


○  (Static)   prerendered as static content
ƒ  (Dynamic)  server-rendered on demand

